<?xml version="1.0" encoding="UTF-8"?>
<!-- Generated by org.testng.reporters.JUnitReportReporter -->
<testsuite hostname="leonawh" failures="0" tests="1" name="testingbs.AppiumBasics" time="5.735" errors="0" timestamp="2024-05-10T09:35:59 IST" skipped="0">
  <testcase classname="testingbs.AppiumBasics" name="WifiSettings" time="5.735"/>
  <system-out/>
</testsuite> <!-- testingbs.AppiumBasics -->
